<?xml version="1.0" encoding="UTF-8"?>
<!-- Generated by org.testng.reporters.JUnitReportReporter -->
<testsuite hostname="DESKTOP-5VGD0PP" failures="0" tests="1" name="Testcase.MakeMyTripSearch" time="0.008" errors="0" timestamp="2024-04-08T09:33:52 IST" skipped="0">
  <testcase classname="Testcase.MakeMyTripSearch" name="ValidateSearchwithValidValues" time="0.008"/>
</testsuite> <!-- Testcase.MakeMyTripSearch -->
