<?xml version="1.0" encoding="UTF-8"?>
<!-- Generated by org.testng.reporters.JUnitReportReporter -->
<testsuite hostname="DESKTOP-VTBT3RG" failures="0" tests="3" name="TestNgAnnotations.FirstTestNg" time="0.017" errors="0" timestamp="2024-04-02T09:54:43 IST" skipped="0">
  <testcase classname="TestNgAnnotations.FirstTestNg" name="FirstTestcase" time="0.004"/>
  <testcase classname="TestNgAnnotations.FirstTestNg" name="ThirdTestcase" time="0.010"/>
  <testcase classname="TestNgAnnotations.FirstTestNg" name="SecondTestcase" time="0.003"/>
</testsuite> <!-- TestNgAnnotations.FirstTestNg -->
