<?xml version="1.0" encoding="UTF-8"?>
<!-- Generated by org.testng.reporters.JUnitReportReporter -->
<testsuite hostname="DESKTOP-5VGD0PP" failures="0" tests="2" name="TestNgAnnotations.TestNgBasics" time="0.018" errors="0" timestamp="2024-04-21T14:52:21 IST" skipped="0">
  <testcase classname="TestNgAnnotations.TestNgBasics" name="Testcase1" time="0.014"/>
  <testcase classname="TestNgAnnotations.TestNgBasics" name="Testcase" time="0.004"/>
</testsuite> <!-- TestNgAnnotations.TestNgBasics -->
