<?xml version="1.0" encoding="UTF-8"?>
<!-- Generated by org.testng.reporters.JUnitReportReporter -->
<testsuite hostname="DESKTOP-5VGD0PP" failures="0" tests="1" name="TestNgAnnotations.SecondTestNG" time="0.007" errors="0" timestamp="2024-04-08T09:15:09 IST" skipped="0">
  <testcase classname="TestNgAnnotations.SecondTestNG" name="FourthTestcase" time="0.007"/>
</testsuite> <!-- TestNgAnnotations.SecondTestNG -->
