<?xml version="1.0" encoding="UTF-8"?>
<!-- Generated by org.testng.reporters.JUnitReportReporter -->
<testsuite hostname="DESKTOP-5VGD0PP" failures="0" tests="6" name="Testcase.MakemyTripTestcase" time="30.706" errors="0" timestamp="2024-04-21T15:24:58 IST" skipped="0">
  <testcase classname="Testcase.MakemyTripTestcase" name="ValidatedSearchUsingValidValues" time="9.097"/>
  <testcase classname="Testcase.MakemyTripTestcase" name="ValidatedSearchUsingValidValues" time="8.616"/>
  <testcase classname="Testcase.MakemyTripTestcase" name="ValidatedSearchUsingValidValues" time="8.568"/>
  <testcase classname="Testcase.MakemyTripTestcase" name="ValidateSameCityError" time="1.076"/>
  <testcase classname="Testcase.MakemyTripTestcase" name="ValidateSameCityError" time="1.170"/>
  <testcase classname="Testcase.MakemyTripTestcase" name="ValidateSameCityError" time="2.179"/>
</testsuite> <!-- Testcase.MakemyTripTestcase -->
