<?xml version="1.0" encoding="UTF-8"?>
<!-- Generated by org.testng.reporters.JUnitReportReporter -->
<testsuite hostname="DESKTOP-5VGD0PP" failures="0" tests="3" name="TestNgAnnotations.FirstTestNg" time="0.009" errors="0" timestamp="2024-04-08T09:15:09 IST" skipped="0">
  <testcase classname="TestNgAnnotations.FirstTestNg" name="FirstTestcase" time="0.002"/>
  <testcase classname="TestNgAnnotations.FirstTestNg" name="ThirdTestcase" time="0.006"/>
  <testcase classname="TestNgAnnotations.FirstTestNg" name="SecondTestcase" time="0.001"/>
</testsuite> <!-- TestNgAnnotations.FirstTestNg -->
