<?xml version="1.0" encoding="UTF-8"?>
<!-- Generated by org.testng.reporters.JUnitReportReporter -->
<testsuite hostname="DESKTOP-5VGD0PP" failures="0" tests="6" name="Testcase.MakemyTripTestcasewithPageobject" time="21.580" errors="0" timestamp="2024-04-21T15:33:38 IST" skipped="0">
  <testcase classname="Testcase.MakemyTripTestcasewithPageobject" name="ValidatedSearchUsingValidValues" time="6.524"/>
  <testcase classname="Testcase.MakemyTripTestcasewithPageobject" name="ValidatedSearchUsingValidValues" time="6.449"/>
  <testcase classname="Testcase.MakemyTripTestcasewithPageobject" name="ValidatedSearchUsingValidValues" time="5.554"/>
  <testcase classname="Testcase.MakemyTripTestcasewithPageobject" name="ValidateSameCityError" time="0.627"/>
  <testcase classname="Testcase.MakemyTripTestcasewithPageobject" name="ValidateSameCityError" time="0.660"/>
  <testcase classname="Testcase.MakemyTripTestcasewithPageobject" name="ValidateSameCityError" time="1.766"/>
</testsuite> <!-- Testcase.MakemyTripTestcasewithPageobject -->
