<?xml version="1.0" encoding="UTF-8"?>
<!-- Generated by org.testng.reporters.JUnitReportReporter -->
<testsuite hostname="DESKTOP-5VGD0PP" failures="0" tests="6" name="Testcase.MakeMyTripSearch" time="45.276" errors="0" timestamp="2024-04-21T15:42:21 IST" skipped="0">
  <testcase classname="Testcase.MakeMyTripSearch" name="ValidateSearchwithValidValues" time="6.544"/>
  <testcase classname="Testcase.MakeMyTripSearch" name="ValidateSearchwithValidValues" time="8.039"/>
  <testcase classname="Testcase.MakeMyTripSearch" name="ValidateSearchwithValidValues" time="26.837"/>
  <testcase classname="Testcase.MakeMyTripSearch" name="ValidateSearchwithSameCityError" time="0.928"/>
  <testcase classname="Testcase.MakeMyTripSearch" name="ValidateSearchwithSameCityError" time="1.751"/>
  <testcase classname="Testcase.MakeMyTripSearch" name="ValidateSearchwithSameCityError" time="1.177"/>
</testsuite> <!-- Testcase.MakeMyTripSearch -->
