<?xml version="1.0" encoding="UTF-8"?>
<!-- Generated by org.testng.reporters.JUnitReportReporter -->
<testsuite hostname="DESKTOP-VTBT3RG" failures="0" tests="1" name="TestNgAnnotations.SecondTestNG" time="0.010" errors="0" timestamp="2024-04-02T09:54:43 IST" skipped="0">
  <testcase classname="TestNgAnnotations.SecondTestNG" name="FourthTestcase" time="0.010"/>
</testsuite> <!-- TestNgAnnotations.SecondTestNG -->
