<?xml version="1.0" encoding="UTF-8"?>
<!-- Generated by org.testng.reporters.JUnitReportReporter -->
<testsuite hostname="DESKTOP-5VGD0PP" failures="0" tests="2" name="Testcase.MakeMyTripSearch" time="19.069" errors="0" timestamp="2024-04-09T09:56:47 IST" skipped="0">
  <testcase classname="Testcase.MakeMyTripSearch" name="ValidateSearchwithValidValues" time="15.643"/>
  <testcase classname="Testcase.MakeMyTripSearch" name="ValidateSearchwithSameCityError" time="3.426"/>
</testsuite> <!-- Testcase.MakeMyTripSearch -->
