<?xml version="1.0" encoding="UTF-8"?>
<!-- Generated by org.testng.reporters.JUnitReportReporter -->
<testsuite hostname="DESKTOP-5VGD0PP" failures="0" tests="6" name="Testcase.MakeMyTripSearch" time="35.369" errors="0" timestamp="2024-04-10T10:00:17 IST" skipped="0">
  <testcase classname="Testcase.MakeMyTripSearch" name="ValidateSearchwithValidValues" time="5.645"/>
  <testcase classname="Testcase.MakeMyTripSearch" name="ValidateSearchwithValidValues" time="20.698"/>
  <testcase classname="Testcase.MakeMyTripSearch" name="ValidateSearchwithValidValues" time="6.301"/>
  <testcase classname="Testcase.MakeMyTripSearch" name="ValidateSearchwithSameCityError" time="0.571"/>
  <testcase classname="Testcase.MakeMyTripSearch" name="ValidateSearchwithSameCityError" time="1.585"/>
  <testcase classname="Testcase.MakeMyTripSearch" name="ValidateSearchwithSameCityError" time="0.569"/>
</testsuite> <!-- Testcase.MakeMyTripSearch -->
